This is pdfTeX, Version 3.14159265-2.6-1.40.18 (MiKTeX 2.9.6300 64-bit) (preloaded format=pdflatex 2018.4.11)  23 APR 2018 13:34
entering extended mode
**./work67.tex
(work67.tex
LaTeX2e <2017-04-15>
Babel <3.9r> and hyphenation patterns for 75 language(s) loaded.
("C:\Program Files\MiKTeX 2.9\tex\latex\base\article.cls"
Document Class: article 2014/09/29 v1.4h Standard LaTeX document class
("C:\Program Files\MiKTeX 2.9\tex\latex\base\size12.clo"
File: size12.clo 2014/09/29 v1.4h Standard LaTeX file (size option)
)
\c@part=\count79
\c@section=\count80
\c@subsection=\count81
\c@subsubsection=\count82
\c@paragraph=\count83
\c@subparagraph=\count84
\c@figure=\count85
\c@table=\count86
\abovecaptionskip=\skip41
\belowcaptionskip=\skip42
\bibindent=\dimen102
)czxcxzcxzcxzcx
("C:\Program Files\MiKTeX 2.9\tex\latex\amsfonts\amssymb.sty"
Package: amssymb 2013/01/14 v3.01 AMS font symbols

("C:\Program Files\MiKTeX 2.9\tex\latex\amsfonts\amsfonts.sty"
Package: amsfonts 2013/01/14 v3.01 Basic AMSFonts support
\@emptytoks=\toks14
\symAMSa=\mathgroup4
\symAMSb=\mathgroup5
LaTeX Font Info:    Overwriting math alphabet `\mathfrak' in version `bold'
(Font)                  U/euf/m/n --> U/euf/b/n on input line 106.
))
("C:\Program Files\MiKTeX 2.9\tex\latex\amsmath\amsmath.sty"
Package: amsmath 2016/11/05 v2.16a AMS math features
\@mathmargin=\skip43

For additional information on amsmath, use the `?' option.
("C:\Program Files\MiKTeX 2.9\tex\latex\amsmath\amstext.sty"
Package: amstext 2000/06/29 v2.01 AMS text

("C:\Program Files\MiKTeX 2.9\tex\latex\amsmath\amsgen.sty"
File: amsgen.sty 1999/11/30 v2.0 generic functions
\@emptytoks=\toks15
\ex@=\dimen103
))
("C:\Program Files\MiKTeX 2.9\tex\latex\amsmath\amsbsy.sty"
Package: amsbsy 1999/11/29 v1.2d Bold Symbols
\pmbraise@=\dimen104
)
("C:\Program Files\MiKTeX 2.9\tex\latex\amsmath\amsopn.sty"
Package: amsopn 2016/03/08 v2.02 operator names
)
\inf@bad=\count87
LaTeX Info: Redefining \frac on input line 213.
\uproot@=\count88
\leftroot@=\count89
LaTeX Info: Redefining \overline on input line 375.
\classnum@=\count90
\DOTSCASE@=\count91
LaTeX Info: Redefining \ldots on input line 472.
LaTeX Info: Redefining \dots on input line 475.
LaTeX Info: Redefining \cdots on input line 596.
\Mathstrutbox@=\box26
\strutbox@=\box27
\big@size=\dimen105
LaTeX Font Info:    Redeclaring font encoding OML on input line 712.
LaTeX Font Info:    Redeclaring font encoding OMS on input line 713.
\macc@depth=\count92
\c@MaxMatrixCols=\count93
\dotsspace@=\muskip10
\c@parentequation=\count94
\dspbrk@lvl=\count95
\tag@help=\toks16
\row@=\count96
\column@=\count97
\maxfields@=\count98
\andhelp@=\toks17
\eqnshift@=\dimen106
\alignsep@=\dimen107
\tagshift@=\dimen108
\tagwidth@=\dimen109
\totwidth@=\dimen110
\lineht@=\dimen111
\@envbody=\toks18
\multlinegap=\skip44
\multlinetaggap=\skip45
\mathdisplay@stack=\toks19
LaTeX Info: Redefining \[ on input line 2817.
LaTeX Info: Redefining \] on input line 2818.
)
("C:\Program Files\MiKTeX 2.9\tex\latex\amscls\amsthm.sty"
Package: amsthm 2015/03/04 v2.20.2
\thm@style=\toks20
\thm@bodyfont=\toks21
\thm@headfont=\toks22
\thm@notefont=\toks23
\thm@headpunct=\toks24
\thm@preskip=\skip46
\thm@postskip=\skip47
\thm@headsep=\skip48
\dth@everypar=\toks25
)
("C:\Program Files\MiKTeX 2.9\tex\latex\amsmath\amscd.sty"
Package: amscd 2017/04/14 v2.1 AMS Commutative Diagrams
\athelp@=\toks26
\minaw@=\dimen112
\bigaw@=\dimen113
\minCDarrowwidth=\dimen114
)
("C:\Program Files\MiKTeX 2.9\tex\latex\base\ifthen.sty"
Package: ifthen 2014/09/29 v1.1c Standard LaTeX ifthen package (DPC)
)
("C:\Program Files\MiKTeX 2.9\tex\latex\t2\mathtext.sty"
Package: mathtext 1999/01/28 v1.0 transparent text-and-math defs
LaTeX Info: Redefining \halign on input line 111.
)
("C:\Program Files\MiKTeX 2.9\tex\latex\base\fontenc.sty"
Package: fontenc 2017/04/05 v2.0i Standard LaTeX package

("C:\Program Files\MiKTeX 2.9\tex\latex\cyrillic\t2aenc.def"
File: t2aenc.def 2005/09/27 v1.0i Cyrillic encoding definition file
\symT2Aletters=\mathgroup6
)
LaTeX Font Info:    Try loading font information for T2A+cmr on input line 105.


("C:\Program Files\MiKTeX 2.9\tex\latex\cyrillic\t2acmr.fd"
File: t2acmr.fd 2001/08/11 v1.0a Computer Modern Cyrillic font definitions
))
("C:\Program Files\MiKTeX 2.9\tex\latex\base\inputenc.sty"
Package: inputenc 2015/03/17 v1.2c Input encoding file
\inpenc@prehook=\toks27
\inpenc@posthook=\toks28

("C:\Program Files\MiKTeX 2.9\tex\latex\cyrillic\cp1251.def"
File: cp1251.def 2014/10/28 v1.0d Input encoding file
))
("C:\Program Files\MiKTeX 2.9\tex\generic\babel\babel.sty"
Package: babel 2016/04/23 3.9r The Babel package

*************************************
* Local config file bblopts.cfg used
*
("C:\Program Files\MiKTeX 2.9\tex\latex\arabi\bblopts.cfg"
File: bblopts.cfg 2005/09/08 v0.1 add Arabic and Farsi to "declared" options of
 babel
)
("C:\Program Files\MiKTeX 2.9\tex\latex\babel-english\english.ldf"
Language: english 2017/01/24 v3.3q English support from the babel system

("C:\Program Files\MiKTeX 2.9\tex\generic\babel\babel.def"
File: babel.def 2016/04/23 3.9r Babel common definitions
\babel@savecnt=\count99
\U@D=\dimen115
)
\l@canadian = a dialect from \language\l@american 
\l@australian = a dialect from \language\l@british 
\l@newzealand = a dialect from \language\l@british 
)
("C:\Program Files\MiKTeX 2.9\tex\latex\babel-russian\russianb.ldf"
Language: russian 2017/08/12 1.3j Russian support for the Babel system
Package babel Info: Making " an active character on input line 120.
Package babel Info: Default for \cyrdash is provided on input line 157.
))
("C:\Program Files\MiKTeX 2.9\tex\latex\graphics\graphicx.sty"
Package: graphicx 2014/10/28 v1.0g Enhanced LaTeX Graphics (DPC,SPQR)

("C:\Program Files\MiKTeX 2.9\tex\latex\graphics\keyval.sty"
Package: keyval 2014/10/28 v1.15 key=value parser (DPC)
\KV@toks@=\toks29
)
("C:\Program Files\MiKTeX 2.9\tex\latex\graphics\graphics.sty"
Package: graphics 2017/04/14 v1.1b Standard LaTeX Graphics (DPC,SPQR)

("C:\Program Files\MiKTeX 2.9\tex\latex\graphics\trig.sty"
Package: trig 2016/01/03 v1.10 sin cos tan (DPC)
)
("C:\Program Files\MiKTeX 2.9\tex\latex\graphics-cfg\graphics.cfg"
File: graphics.cfg 2016/06/04 v1.11 sample graphics configuration
)
Package graphics Info: Driver file: dvips.def on input line 99.

("C:\Program Files\MiKTeX 2.9\tex\latex\graphics-def\dvips.def"
File: dvips.def 2016/07/10 v3.1a Driver-dependent file (DPC,SPQR)
))
\Gin@req@height=\dimen116
\Gin@req@width=\dimen117
) (amsbib.sty
\@@Read=\read1
\@@Write=\write3
\c@aux@counter=\count100

("C:\Program Files\MiKTeX 2.9\tex\latex\graphics\color.sty"
Package: color 2016/07/10 v1.1e Standard LaTeX Color (DPC)

("C:\Program Files\MiKTeX 2.9\tex\latex\graphics-cfg\color.cfg"
File: color.cfg 2016/01/02 v1.6 sample color configuration
)
Package color Info: Driver file: pdftex.def on input line 147.

("C:\Program Files\MiKTeX 2.9\tex\latex\graphics-def\pdftex.def"
File: pdftex.def 2017/01/12 v0.06k Graphics/color for pdfTeX

("C:\Program Files\MiKTeX 2.9\tex\generic\oberdiek\infwarerr.sty"
Package: infwarerr 2016/05/16 v1.4 Providing info/warning/error messages (HO)
)
("C:\Program Files\MiKTeX 2.9\tex\generic\oberdiek\ltxcmds.sty"
Package: ltxcmds 2016/05/16 v1.23 LaTeX kernel commands for general use (HO)
)
\Gread@gobject=\count101
))
\translbox@=\box28
\holdoverbox=\box29
\bybox@=\box30
\withbox@=\box31
\paperbox@=\box32
\paperinfobox@=\box33
\jourbox@=\box34
\issuebox@=\box35
\yrbox@=\box36
\pagesbox@=\box37
\edbox@=\box38
\bookbox@=\box39
\publbox@=\box40
\publaddrbox@=\box41
\procinfobox@=\box42
\miscnotebox@=\box43
\langbox@=\box44
\volbox@=\box45
\bookinfobox@=\box46
\serialbox@=\box47
\misc@box@=\box48
\defaulthelp@=\toks30
\isbnbox@=\box49
\paperidbox@=\box50
\totalpagesbox@=\box51
\finalbookinfobox@=\box52
\volinfobox@=\box53
\issueinfobox@=\box54
\serissuebox@=\box55
\elinkbox@=\box56
\arxivbox@=\box57
\publlbox@=\box58
\publaddrrbox@=\box59
\publllbox@=\box60
\publaddrrrbox@=\box61
\byybox@=\box62
\monthissuebox@=\box63
\ptypebox@=\box64
\pstatusbox@=\box65
\issnbox@=\box66
\journalnamebox@=\box67
\frombox@=\box68
\bibIDbox@=\box69
\citnumbox@=\box70
\citnumisibox@=\box71
\citnummsnbox@=\box72
\citnumelibbox@=\box73
\citnumscopusbox@=\box74
\mainbox@=\box75
\sortdatebox@=\box76
\elibbox@=\box77
\scopusbox@=\box78
\Hrefsbox@=\box79
\editionbox@=\box80
\procbox@=\box81
\bookvolbox@=\box82
\voltitlebox@=\box83
\finalinfobox@=\box84
\@@finalinfobox@=\box85

("C:\Program Files\MiKTeX 2.9\tex\latex\hyperref\hyperref.sty"
Package: hyperref 2017/03/14 v6.85a Hypertext links for LaTeX

("C:\Program Files\MiKTeX 2.9\tex\generic\oberdiek\hobsub-hyperref.sty"
Package: hobsub-hyperref 2016/05/16 v1.14 Bundle oberdiek, subset hyperref (HO)


("C:\Program Files\MiKTeX 2.9\tex\generic\oberdiek\hobsub-generic.sty"
Package: hobsub-generic 2016/05/16 v1.14 Bundle oberdiek, subset generic (HO)
Package: hobsub 2016/05/16 v1.14 Construct package bundles (HO)
Package hobsub Info: Skipping package `infwarerr' (already loaded).
Package hobsub Info: Skipping package `ltxcmds' (already loaded).
Package: ifluatex 2016/05/16 v1.4 Provides the ifluatex switch (HO)
Package ifluatex Info: LuaTeX not detected.
Package: ifvtex 2016/05/16 v1.6 Detect VTeX and its facilities (HO)
Package ifvtex Info: VTeX not detected.
Package: intcalc 2016/05/16 v1.2 Expandable calculations with integers (HO)
Package: ifpdf 2017/03/15 v3.2 Provides the ifpdf switch
Package: etexcmds 2016/05/16 v1.6 Avoid name clashes with e-TeX commands (HO)
Package etexcmds Info: Could not find \expanded.
(etexcmds)             That can mean that you are not using pdfTeX 1.50 or
(etexcmds)             that some package has redefined \expanded.
(etexcmds)             In the latter case, load this package earlier.
Package: kvsetkeys 2016/05/16 v1.17 Key value parser (HO)
Package: kvdefinekeys 2016/05/16 v1.4 Define keys (HO)
Package: pdftexcmds 2017/03/19 v0.25 Utility functions of pdfTeX for LuaTeX (HO
)
Package pdftexcmds Info: LuaTeX not detected.
Package pdftexcmds Info: \pdf@primitive is available.
Package pdftexcmds Info: \pdf@ifprimitive is available.
Package pdftexcmds Info: \pdfdraftmode found.
Package: pdfescape 2016/05/16 v1.14 Implements pdfTeX's escape features (HO)
Package: bigintcalc 2016/05/16 v1.4 Expandable calculations on big integers (HO
)
Package: bitset 2016/05/16 v1.2 Handle bit-vector datatype (HO)
Package: uniquecounter 2016/05/16 v1.3 Provide unlimited unique counter (HO)
)
Package hobsub Info: Skipping package `hobsub' (already loaded).
Package: letltxmacro 2016/05/16 v1.5 Let assignment for LaTeX macros (HO)
Package: hopatch 2016/05/16 v1.3 Wrapper for package hooks (HO)
Package: xcolor-patch 2016/05/16 xcolor patch
Package: atveryend 2016/05/16 v1.9 Hooks at the very end of document (HO)
Package atveryend Info: \enddocument detected (standard20110627).
Package: atbegshi 2016/06/09 v1.18 At begin shipout hook (HO)
Package: refcount 2016/05/16 v3.5 Data extraction from label references (HO)
Package: hycolor 2016/05/16 v1.8 Color options for hyperref/bookmark (HO)
)
("C:\Program Files\MiKTeX 2.9\tex\generic\ifxetex\ifxetex.sty"
Package: ifxetex 2010/09/12 v0.6 Provides ifxetex conditional
)
("C:\Program Files\MiKTeX 2.9\tex\latex\oberdiek\auxhook.sty"
Package: auxhook 2016/05/16 v1.4 Hooks for auxiliary files (HO)
)
("C:\Program Files\MiKTeX 2.9\tex\latex\oberdiek\kvoptions.sty"
Package: kvoptions 2016/05/16 v3.12 Key value format for package options (HO)
)
\@linkdim=\dimen118
\Hy@linkcounter=\count102
\Hy@pagecounter=\count103

("C:\Program Files\MiKTeX 2.9\tex\latex\hyperref\pd1enc.def"
File: pd1enc.def 2017/03/14 v6.85a Hyperref: PDFDocEncoding definition (HO)
\symPD1letters=\mathgroup7
)
\Hy@SavedSpaceFactor=\count104
Package hyperref Info: Option `unicode' set `true' on input line 3453.

("C:\Program Files\MiKTeX 2.9\tex\latex\hyperref\puenc.def"
File: puenc.def 2017/03/14 v6.85a Hyperref: PDF Unicode definition (HO)
\symPUletters=\mathgroup8
)
("C:\Program Files\MiKTeX 2.9\tex\latex\00miktex\hyperref.cfg"
File: hyperref.cfg 2002/06/06 v1.2 hyperref configuration of TeXLive
)
Package hyperref Info: Option `unicode' set `true' on input line 4374.
Package hyperref Info: Hyper figures OFF on input line 4498.
Package hyperref Info: Link nesting OFF on input line 4503.
Package hyperref Info: Hyper index ON on input line 4506.
Package hyperref Info: Plain pages OFF on input line 4513.
Package hyperref Info: Backreferencing OFF on input line 4518.
Package hyperref Info: Implicit mode ON; LaTeX internals redefined.
Package hyperref Info: Bookmarks ON on input line 4751.
LaTeX Info: Redefining \href on input line 5015.
\c@Hy@tempcnt=\count105

("C:\Program Files\MiKTeX 2.9\tex\latex\url\url.sty"
\Urlmuskip=\muskip11
Package: url 2013/09/16  ver 3.4  Verb mode for urls, etc.
)
LaTeX Info: Redefining \url on input line 5104.
\XeTeXLinkMargin=\dimen119
\Fld@menulength=\count106
\Field@Width=\dimen120
\Fld@charsize=\dimen121
Package hyperref Info: Hyper figures OFF on input line 6358.
Package hyperref Info: Link nesting OFF on input line 6363.
Package hyperref Info: Hyper index ON on input line 6366.
Package hyperref Info: backreferencing OFF on input line 6373.
Package hyperref Info: Link coloring OFF on input line 6378.
Package hyperref Info: Link coloring with OCG OFF on input line 6383.
Package hyperref Info: PDF/A mode OFF on input line 6388.
LaTeX Info: Redefining \ref on input line 6428.
LaTeX Info: Redefining \pageref on input line 6432.
\Hy@abspage=\count107
\c@Item=\count108
\c@Hfootnote=\count109
)

Package hyperref Message: Driver (autodetected): hpdftex.

("C:\Program Files\MiKTeX 2.9\tex\latex\hyperref\hpdftex.def"
File: hpdftex.def 2017/03/14 v6.85a Hyperref driver for pdfTeX
\Fld@listcount=\count110
\c@bookmark@seq@number=\count111

("C:\Program Files\MiKTeX 2.9\tex\latex\oberdiek\rerunfilecheck.sty"
Package: rerunfilecheck 2016/05/16 v1.8 Rerun checks for auxiliary files (HO)
Package uniquecounter Info: New unique counter `rerunfilecheck' on input line 2
82.
)
\Hy@SectionHShift=\skip49
)
Package hyperref Info: Option `colorlinks' set `true' on input line 630.


Package hyperref Warning: Values of option `pdfpagemode':
(hyperref)                * `UseNone'
(hyperref)                * `UseOutlines'
(hyperref)                * `UseThumbs'
(hyperref)                * `FullScreen'
(hyperref)                * `UseOC' (PDF 1.5)
(hyperref)                * `UseAttachments' (PDF 1.6)
(hyperref)                * An empty value disables the option.
(hyperref)                Unknown value `None' on input line 630.

) ("C:\Program Files\MiKTeX 2.9\tex\latex\tools\indentfirst.sty"
Package: indentfirst 1995/11/23 v1.03 Indent first paragraph (DPC)
)
("C:\Program Files\MiKTeX 2.9\tex\latex\algorithm2e\algorithm2e.sty"
Package: algorithm2e 2017/07/18 v5.2 algorithms environments
\c@AlgoLine=\count112
\algocf@hangindent=\skip50

("C:\Program Files\MiKTeX 2.9\tex\latex\ifoddpage\ifoddpage.sty"
Package: ifoddpage 2016/04/23 v1.1 Conditionals for odd/even page detection
\c@checkoddpage=\count113
)
("C:\Program Files\MiKTeX 2.9\tex\latex\tools\xspace.sty"
Package: xspace 2014/10/28 v1.13 Space after command names (DPC,MH)
)
\skiptotal=\skip51
\skiplinenumber=\skip52
\skiprule=\skip53
\skiphlne=\skip54
\skiptext=\skip55
\skiplength=\skip56
\algomargin=\skip57
\skipalgocfslide=\skip58
\algowidth=\dimen122
\inoutsize=\dimen123
\inoutindent=\dimen124
\interspacetitleruled=\dimen125
\interspacealgoruled=\dimen126
\interspacetitleboxruled=\dimen127
\algocf@ruledwidth=\skip59
\algocf@inoutbox=\box86
\algocf@inputbox=\box87
\AlCapSkip=\skip60
\AlCapHSkip=\skip61
\algoskipindent=\skip62
\algocf@nlbox=\box88
\algocf@hangingbox=\box89
\algocf@untilbox=\box90
\algocf@skipuntil=\skip63
\algocf@capbox=\box91
\algocf@lcaptionbox=\skip64
\algoheightruledefault=\skip65
\algoheightrule=\skip66
\algotitleheightruledefault=\skip67
\algotitleheightrule=\skip68
\c@algocfline=\count114
\c@algocfproc=\count115
\c@algocf=\count116
\algocf@algoframe=\box92
\algocf@algobox=\box93
)
\c@theorem=\count117
\c@claim=\count118
\c@lemma=\count119
\c@corollary=\count120
\c@note=\count121
\c@definition=\count122
\c@proposition=\count123
 (work67.aux

LaTeX Warning: Label `lemma1' multiply defined.

)
\openout1 = `work67.aux'.

LaTeX Font Info:    Checking defaults for OML/cmm/m/it on input line 47.
LaTeX Font Info:    ... okay on input line 47.
LaTeX Font Info:    Checking defaults for T1/cmr/m/n on input line 47.
LaTeX Font Info:    ... okay on input line 47.
LaTeX Font Info:    Checking defaults for OT1/cmr/m/n on input line 47.
LaTeX Font Info:    ... okay on input line 47.
LaTeX Font Info:    Checking defaults for OMS/cmsy/m/n on input line 47.
LaTeX Font Info:    ... okay on input line 47.
LaTeX Font Info:    Checking defaults for OMX/cmex/m/n on input line 47.
LaTeX Font Info:    ... okay on input line 47.
LaTeX Font Info:    Checking defaults for U/cmr/m/n on input line 47.
LaTeX Font Info:    ... okay on input line 47.
LaTeX Font Info:    Checking defaults for T2A/cmr/m/n on input line 47.
LaTeX Font Info:    ... okay on input line 47.
LaTeX Font Info:    Checking defaults for PD1/pdf/m/n on input line 47.
LaTeX Font Info:    ... okay on input line 47.
LaTeX Font Info:    Checking defaults for PU/pdf/m/n on input line 47.
LaTeX Font Info:    ... okay on input line 47.
 ("C:\Program Files\MiKTeX 2.9\tex\context\base\supp-pdf.mkii"
[Loading MPS to PDF converter (version 2006.09.02).]
\scratchcounter=\count124
\scratchdimen=\dimen128
\scratchbox=\box94
\nofMPsegments=\count125
\nofMParguments=\count126
\everyMPshowfont=\toks31
\MPscratchCnt=\count127
\MPscratchDim=\dimen129
\MPnumerator=\count128
\makeMPintoPDFobject=\count129
\everyMPtoPDFconversion=\toks32
) ("C:\Program Files\MiKTeX 2.9\tex\latex\oberdiek\epstopdf-base.sty"
Package: epstopdf-base 2016/05/15 v2.6 Base part for package epstopdf

("C:\Program Files\MiKTeX 2.9\tex\latex\oberdiek\grfext.sty"
Package: grfext 2016/05/16 v1.2 Manage graphics extensions (HO)
)
Package epstopdf-base Info: Redefining graphics rule for `.eps' on input line 4
38.
Package grfext Info: Graphics extension search list:
(grfext)             [.png,.pdf,.jpg,.mps,.jpeg,.jbig2,.jb2,.PNG,.PDF,.JPG,.JPE
G,.JBIG2,.JB2,.eps]
(grfext)             \AppendGraphicsExtensions on input line 456.
)
\AtBeginShipoutBox=\box95
Package hyperref Info: Link coloring ON on input line 47.

("C:\Program Files\MiKTeX 2.9\tex\latex\hyperref\nameref.sty"
Package: nameref 2016/05/21 v2.44 Cross-referencing by name of section

("C:\Program Files\MiKTeX 2.9\tex\generic\oberdiek\gettitlestring.sty"
Package: gettitlestring 2016/05/16 v1.5 Cleanup title references (HO)
)
\c@section@level=\count130
)
LaTeX Info: Redefining \ref on input line 47.
LaTeX Info: Redefining \pageref on input line 47.
LaTeX Info: Redefining \nameref on input line 47.

(work67.out) (work67.out)
\@outlinefile=\write4
\openout4 = `work67.out'.

LaTeX Font Info:    Try loading font information for U+msa on input line 88.

("C:\Program Files\MiKTeX 2.9\tex\latex\amsfonts\umsa.fd"
File: umsa.fd 2013/01/14 v3.01 AMS symbols A
)
LaTeX Font Info:    Try loading font information for U+msb on input line 88.

("C:\Program Files\MiKTeX 2.9\tex\latex\amsfonts\umsb.fd"
File: umsb.fd 2013/01/14 v3.01 AMS symbols B
)
LaTeX Font Info:    Try loading font information for PD1+cmr on input line 88.
LaTeX Font Info:    No file PD1cmr.fd. on input line 88.


LaTeX Font Warning: Font shape `PD1/cmr/m/n' undefined
(Font)              using `PD1/pdf/m/n' instead on input line 88.

LaTeX Font Info:    Try loading font information for PU+cmr on input line 88.
LaTeX Font Info:    No file PUcmr.fd. on input line 88.

LaTeX Font Warning: Font shape `PU/cmr/m/n' undefined
(Font)              using `PU/pdf/m/n' instead on input line 88.

Package babel Info: Redefining russian shorthand "|
(babel)             in language  on input line 102.
Package babel Info: Redefining russian shorthand "~
(babel)             in language  on input line 102.
Package babel Info: Redefining russian shorthand "|
(babel)             in language  on input line 102.
Package babel Info: Redefining russian shorthand "~
(babel)             in language  on input line 102.
[1
Non-PDF special ignored!

{C:/ProgramData/MiKTeX/2.9/pdftex/config/pdftex.map}]
Package babel Info: Redefining russian shorthand "|
(babel)             in language  on input line 129.
Package babel Info: Redefining russian shorthand "~
(babel)             in language  on input line 129.
Package babel Info: Redefining russian shorthand "|
(babel)             in language  on input line 129.
Package babel Info: Redefining russian shorthand "~
(babel)             in language  on input line 129.

[2] (work67.toc)
\tf@toc=\write5
\openout5 = `work67.toc'.

Package babel Info: Redefining russian shorthand "|
(babel)             in language  on input line 132.
Package babel Info: Redefining russian shorthand "~
(babel)             in language  on input line 132.
Package babel Info: Redefining russian shorthand "|
(babel)             in language  on input line 132.
Package babel Info: Redefining russian shorthand "~
(babel)             in language  on input line 132.
 [3]
Package babel Info: Redefining russian shorthand "|
(babel)             in language  on input line 133.
Package babel Info: Redefining russian shorthand "~
(babel)             in language  on input line 133.
Package babel Info: Redefining russian shorthand "|
(babel)             in language  on input line 135.
Package babel Info: Redefining russian shorthand "~
(babel)             in language  on input line 135.
Package babel Info: Redefining russian shorthand "|
(babel)             in language  on input line 151.
Package babel Info: Redefining russian shorthand "~
(babel)             in language  on input line 151.


Package hyperref Warning: Token not allowed in a PDF string (Unicode):
(hyperref)                removing `math shift' on input line 151.


Package hyperref Warning: Token not allowed in a PDF string (Unicode):
(hyperref)                removing `math shift' on input line 151.


Overfull \hbox (9.62059pt too wide) in paragraph at lines 153--154
[]\T2A/cmr/m/n/12 Данная за-да-ча по-свя-ще-на по-ис-ку ко-ли-че-ствен-ной свя-
зи хро-ма-ти-че-ско-го чис-ла $\OML/cmm/m/it/12 b$\T2A/cmr/m/n/12 -простого
 []

Package babel Info: Redefining russian shorthand "|
(babel)             in language  on input line 156.
Package babel Info: Redefining russian shorthand "~
(babel)             in language  on input line 156.
Package babel Info: Redefining russian shorthand "|
(babel)             in language  on input line 156.
Package babel Info: Redefining russian shorthand "~
(babel)             in language  on input line 156.
[4]

LaTeX Warning: Citation `Szabo' on page 5 undefined on input line 169.

LaTeX Font Info:    Try loading font information for OMS+cmr on input line 175.

("C:\Program Files\MiKTeX 2.9\tex\latex\base\omscmr.fd"
File: omscmr.fd 2014/09/29 v2.5h Standard LaTeX font definitions
)
LaTeX Font Info:    Font shape `OMS/cmr/m/n' in size <12> not available
(Font)              Font shape `OMS/cmsy/m/n' tried instead on input line 175.
Package babel Info: Redefining russian shorthand "|
(babel)             in language  on input line 182.
Package babel Info: Redefining russian shorthand "~
(babel)             in language  on input line 182.
Package babel Info: Redefining russian shorthand "|
(babel)             in language  on input line 182.
Package babel Info: Redefining russian shorthand "~
(babel)             in language  on input line 182.
 [5]
Package babel Info: Redefining russian shorthand "|
(babel)             in language  on input line 204.
Package babel Info: Redefining russian shorthand "~
(babel)             in language  on input line 204.
Package babel Info: Redefining russian shorthand "|
(babel)             in language  on input line 219.
Package babel Info: Redefining russian shorthand "~
(babel)             in language  on input line 219.
Package babel Info: Redefining russian shorthand "|
(babel)             in language  on input line 219.
Package babel Info: Redefining russian shorthand "~
(babel)             in language  on input line 219.
 [6]
Package babel Info: Redefining russian shorthand "|
(babel)             in language  on input line 247.
Package babel Info: Redefining russian shorthand "~
(babel)             in language  on input line 247.


Package hyperref Warning: Token not allowed in a PDF string (Unicode):
(hyperref)                removing `math shift' on input line 247.


Package hyperref Warning: Token not allowed in a PDF string (Unicode):
(hyperref)                removing `math shift' on input line 247.

Package babel Info: Redefining russian shorthand "|
(babel)             in language  on input line 261.
Package babel Info: Redefining russian shorthand "~
(babel)             in language  on input line 261.
Package babel Info: Redefining russian shorthand "|
(babel)             in language  on input line 261.
Package babel Info: Redefining russian shorthand "~
(babel)             in language  on input line 261.
[7]
Package babel Info: Redefining russian shorthand "|
(babel)             in language  on input line 274.
Package babel Info: Redefining russian shorthand "~
(babel)             in language  on input line 274.
Package babel Info: Redefining russian shorthand "|
(babel)             in language  on input line 274.
Package babel Info: Redefining russian shorthand "~
(babel)             in language  on input line 274.
 [8]
Package babel Info: Redefining russian shorthand "|
(babel)             in language  on input line 275.
Package babel Info: Redefining russian shorthand "~
(babel)             in language  on input line 275.
Package babel Info: Redefining russian shorthand "|
(babel)             in language  on input line 280.
Package babel Info: Redefining russian shorthand "~
(babel)             in language  on input line 280.
Package babel Info: Redefining russian shorthand "|
(babel)             in language  on input line 310.
Package babel Info: Redefining russian shorthand "~
(babel)             in language  on input line 310.
Package babel Info: Redefining russian shorthand "|
(babel)             in language  on input line 310.
Package babel Info: Redefining russian shorthand "~
(babel)             in language  on input line 310.
 [9]
Package babel Info: Redefining russian shorthand "|
(babel)             in language  on input line 311.
Package babel Info: Redefining russian shorthand "~
(babel)             in language  on input line 311.


Package hyperref Warning: Token not allowed in a PDF string (Unicode):
(hyperref)                removing `math shift' on input line 311.


Package hyperref Warning: Token not allowed in a PDF string (Unicode):
(hyperref)                removing `math shift' on input line 311.

Package babel Info: Redefining russian shorthand "|
(babel)             in language  on input line 343.
Package babel Info: Redefining russian shorthand "~
(babel)             in language  on input line 343.
Package babel Info: Redefining russian shorthand "|
(babel)             in language  on input line 343.
Package babel Info: Redefining russian shorthand "~
(babel)             in language  on input line 343.
[10]
Package babel Info: Redefining russian shorthand "|
(babel)             in language  on input line 358.
Package babel Info: Redefining russian shorthand "~
(babel)             in language  on input line 358.

Overfull \hbox (13.87917pt too wide) in paragraph at lines 370--371
[]\T2A/cmr/m/it/12 Предположим, что су-ще-ству-ет мно-го-член $\OML/cmm/m/it/12
 w\OT1/cmr/m/n/12 (\OML/cmm/m/it/12 z\OT1/cmr/m/n/12 )$\T2A/cmr/m/it/12 , ма-жо
-ри-ру-ю-щий все мно-го-чле-ны $\OML/cmm/m/it/12 w[]\OT1/cmr/m/n/12 (\OML/cmm/m
/it/12 z\OT1/cmr/m/n/12 )$\T2A/cmr/m/it/12 ,
 []

Package babel Info: Redefining russian shorthand "|
(babel)             in language  on input line 385.
Package babel Info: Redefining russian shorthand "~
(babel)             in language  on input line 385.
Package babel Info: Redefining russian shorthand "|
(babel)             in language  on input line 385.
Package babel Info: Redefining russian shorthand "~
(babel)             in language  on input line 385.
[11]
Package babel Info: Redefining russian shorthand "|
(babel)             in language  on input line 392.
Package babel Info: Redefining russian shorthand "~
(babel)             in language  on input line 392.
Package babel Info: Redefining russian shorthand "|
(babel)             in language  on input line 396.
Package babel Info: Redefining russian shorthand "~
(babel)             in language  on input line 396.


Package amsmath Warning: Foreign command \atopwithdelims;
(amsmath)                \frac or \genfrac should be used instead
(amsmath)                 on input line 410.

Package babel Info: Redefining russian shorthand "|
(babel)             in language  on input line 418.
Package babel Info: Redefining russian shorthand "~
(babel)             in language  on input line 418.
Package babel Info: Redefining russian shorthand "|
(babel)             in language  on input line 418.
Package babel Info: Redefining russian shorthand "~
(babel)             in language  on input line 418.
[12]
Package babel Info: Redefining russian shorthand "|
(babel)             in language  on input line 421.
Package babel Info: Redefining russian shorthand "~
(babel)             in language  on input line 421.
Package babel Info: Redefining russian shorthand "|
(babel)             in language  on input line 435.
Package babel Info: Redefining russian shorthand "~
(babel)             in language  on input line 435.
Package babel Info: Redefining russian shorthand "|
(babel)             in language  on input line 435.
Package babel Info: Redefining russian shorthand "~
(babel)             in language  on input line 435.
 [13]
Package babel Info: Redefining russian shorthand "|
(babel)             in language  on input line 455.
Package babel Info: Redefining russian shorthand "~
(babel)             in language  on input line 455.


Package hyperref Warning: Token not allowed in a PDF string (Unicode):
(hyperref)                removing `math shift' on input line 455.


Package hyperref Warning: Token not allowed in a PDF string (Unicode):
(hyperref)                removing `math shift' on input line 455.


Package hyperref Warning: Token not allowed in a PDF string (Unicode):
(hyperref)                removing `math shift' on input line 455.


Package hyperref Warning: Token not allowed in a PDF string (Unicode):
(hyperref)                removing `math shift' on input line 455.


LaTeX Warning: Command \CYRS invalid in math mode on input line 461.

Missing character: There is no С in font cmr12!
Package babel Info: Redefining russian shorthand "|
(babel)             in language  on input line 467.
Package babel Info: Redefining russian shorthand "~
(babel)             in language  on input line 467.
Package babel Info: Redefining russian shorthand "|
(babel)             in language  on input line 467.
Package babel Info: Redefining russian shorthand "~
(babel)             in language  on input line 467.
[14]
Overfull \hbox (0.52682pt too wide) in paragraph at lines 484--486
\T2A/cmr/m/n/12 ра. Для удоб-ства пе-ре-ну-ме-ру-ем уз-лы $\OML/cmm/m/it/12 T$ 
\T2A/cmr/m/n/12 сле-ду-ю-щим об-ра-зом: сна-ча-ла идут уз-лы $\OML/cmm/m/it/12 
C[]; [] ; C[]$\T2A/cmr/m/n/12 ,
 []

Package babel Info: Redefining russian shorthand "|
(babel)             in language  on input line 501.
Package babel Info: Redefining russian shorthand "~
(babel)             in language  on input line 501.
Package babel Info: Redefining russian shorthand "|
(babel)             in language  on input line 501.
Package babel Info: Redefining russian shorthand "~
(babel)             in language  on input line 501.
[15]
Package babel Info: Redefining russian shorthand "|
(babel)             in language  on input line 532.
Package babel Info: Redefining russian shorthand "~
(babel)             in language  on input line 532.
Package babel Info: Redefining russian shorthand "|
(babel)             in language  on input line 532.
Package babel Info: Redefining russian shorthand "~
(babel)             in language  on input line 532.
 [16]
Package babel Info: Redefining russian shorthand "|
(babel)             in language  on input line 558.
Package babel Info: Redefining russian shorthand "~
(babel)             in language  on input line 558.
Package babel Info: Redefining russian shorthand "|
(babel)             in language  on input line 558.
Package babel Info: Redefining russian shorthand "~
(babel)             in language  on input line 558.
 [17]
Overfull \hbox (19.32153pt too wide) in paragraph at lines 581--581
[] 
 []

Package babel Info: Redefining russian shorthand "|
(babel)             in language  on input line 583.
Package babel Info: Redefining russian shorthand "~
(babel)             in language  on input line 583.

Package hyperref Warning: Token not allowed in a PDF string (Unicode):
(hyperref)                removing `math shift' on input line 583.


Package hyperref Warning: Token not allowed in a PDF string (Unicode):
(hyperref)                removing `math shift' on input line 583.


Package hyperref Warning: Token not allowed in a PDF string (Unicode):
(hyperref)                removing `math shift' on input line 583.


Package hyperref Warning: Token not allowed in a PDF string (Unicode):
(hyperref)                removing `math shift' on input line 583.

Package babel Info: Redefining russian shorthand "|
(babel)             in language  on input line 589.
Package babel Info: Redefining russian shorthand "~
(babel)             in language  on input line 589.
Package babel Info: Redefining russian shorthand "|
(babel)             in language  on input line 589.
Package babel Info: Redefining russian shorthand "~
(babel)             in language  on input line 589.
[18]
Package babel Info: Redefining russian shorthand "|
(babel)             in language  on input line 614.
Package babel Info: Redefining russian shorthand "~
(babel)             in language  on input line 614.


Package hyperref Warning: Token not allowed in a PDF string (Unicode):
(hyperref)                removing `math shift' on input line 614.


Package hyperref Warning: Token not allowed in a PDF string (Unicode):
(hyperref)                removing `math shift' on input line 614.


Package hyperref Warning: Token not allowed in a PDF string (Unicode):
(hyperref)                removing `\\' on input line 614.


Package hyperref Warning: Token not allowed in a PDF string (Unicode):
(hyperref)                removing `math shift' on input line 614.


Package hyperref Warning: Token not allowed in a PDF string (Unicode):
(hyperref)                removing `math shift' on input line 614.

Package babel Info: Redefining russian shorthand "|
(babel)             in language  on input line 617.
Package babel Info: Redefining russian shorthand "~
(babel)             in language  on input line 617.
Package babel Info: Redefining russian shorthand "|
(babel)             in language  on input line 617.
Package babel Info: Redefining russian shorthand "~
(babel)             in language  on input line 617.
[19]
Package babel Info: Redefining russian shorthand "|
(babel)             in language  on input line 652.
Package babel Info: Redefining russian shorthand "~
(babel)             in language  on input line 652.
Package babel Info: Redefining russian shorthand "|
(babel)             in language  on input line 652.
Package babel Info: Redefining russian shorthand "~
(babel)             in language  on input line 652.
 [20]
Package babel Info: Redefining russian shorthand "|
(babel)             in language  on input line 676.
Package babel Info: Redefining russian shorthand "~
(babel)             in language  on input line 676.
Package babel Info: Redefining russian shorthand "|
(babel)             in language  on input line 676.
Package babel Info: Redefining russian shorthand "~
(babel)             in language  on input line 676.
 [21]
Package babel Info: Redefining russian shorthand "|
(babel)             in language  on input line 678.
Package babel Info: Redefining russian shorthand "~
(babel)             in language  on input line 678.
Package babel Info: Redefining russian shorthand "|
(babel)             in language  on input line 687.
Package babel Info: Redefining russian shorthand "~
(babel)             in language  on input line 687.
Package babel Info: Redefining russian shorthand "|
(babel)             in language  on input line 688.
Package babel Info: Redefining russian shorthand "~
(babel)             in language  on input line 688.

Overfull \hbox (16.14687pt too wide) in paragraph at lines 689--690
[]\T2A/cmr/m/n/12 Первое след-ствие уста-нав-ли-ва-ет связь меж-ду мак-си-маль-
ной сте-пе-нью вер-ши-ны $\OML/cmm/m/it/12 b$\T2A/cmr/m/n/12 -простого
 []

Package babel Info: Redefining russian shorthand "|
(babel)             in language  on input line 690.
Package babel Info: Redefining russian shorthand "~
(babel)             in language  on input line 690.
Package babel Info: Redefining russian shorthand "|
(babel)             in language  on input line 690.
Package babel Info: Redefining russian shorthand "~
(babel)             in language  on input line 690.
[22]
Overfull \hbox (2.35551pt too wide) in paragraph at lines 693--694
[]\T2A/cmr/m/n/12 Из Тео-ре-мы [][]1[][] сле-ду-ет, что $\OML/cmm/m/it/12 H$ \T
2A/cmr/m/n/12 со-дер-жит реб-ро $\OML/cmm/m/it/12 A$ \T2A/cmr/m/n/12 сте-пе-ни 
хо-тя бы $\OT1/cmr/m/n/12 1\OML/cmm/m/it/12 =\OT1/cmr/m/n/12 (2\OML/cmm/m/it/12
 e\OT1/cmr/m/n/12 )[]\OML/cmm/m/it/12 n \OMS/cmsy/m/n/12 
 []

Package babel Info: Redefining russian shorthand "|
(babel)             in language  on input line 698.
Package babel Info: Redefining russian shorthand "~
(babel)             in language  on input line 698.

LaTeX Warning: Citation `KR' on page 23 undefined on input line 703.

Package babel Info: Redefining russian shorthand "|
(babel)             in language  on input line 728.
Package babel Info: Redefining russian shorthand "~
(babel)             in language  on input line 728.
Package babel Info: Redefining russian shorthand "|
(babel)             in language  on input line 728.
Package babel Info: Redefining russian shorthand "~
(babel)             in language  on input line 728.
[23]
Package babel Info: Redefining russian shorthand "|
(babel)             in language  on input line 754.
Package babel Info: Redefining russian shorthand "~
(babel)             in language  on input line 754.
Package babel Info: Redefining russian shorthand "|
(babel)             in language  on input line 754.
Package babel Info: Redefining russian shorthand "~
(babel)             in language  on input line 754.
 [24]
Package babel Info: Redefining russian shorthand "|
(babel)             in language  on input line 755.
Package babel Info: Redefining russian shorthand "~
(babel)             in language  on input line 755.

Overfull \hbox (0.21506pt too wide) in paragraph at lines 788--789
\T2A/cmr/m/n/12 ной вер-сии Ал-го-рит-ма пе-ре-крас-ки Радакришнана-Сринивасана
. Ал-го-ритм Радакришнана-
 []

Package babel Info: Redefining russian shorthand "|
(babel)             in language  on input line 789.
Package babel Info: Redefining russian shorthand "~
(babel)             in language  on input line 789.
Package babel Info: Redefining russian shorthand "|
(babel)             in language  on input line 789.
Package babel Info: Redefining russian shorthand "~
(babel)             in language  on input line 789.
[25]
Overfull \hbox (4.21042pt too wide) in paragraph at lines 790--790
[]\T2A/cmr/bx/n/14.4 Алгоритм по-стро-е-ния пра-виль-ной рас-крас-ки из слу-чай
-ной рас-
 []

Package babel Info: Redefining russian shorthand "|
(babel)             in language  on input line 790.
Package babel Info: Redefining russian shorthand "~
(babel)             in language  on input line 790.

Package hyperref Warning: Token not allowed in a PDF string (Unicode):
(hyperref)                removing `math shift' on input line 790.


Package hyperref Warning: Token not allowed in a PDF string (Unicode):
(hyperref)                removing `math shift' on input line 790.

Package babel Info: Redefining russian shorthand "|
(babel)             in language  on input line 808.
Package babel Info: Redefining russian shorthand "~
(babel)             in language  on input line 808.
Package babel Info: Redefining russian shorthand "|
(babel)             in language  on input line 814.
Package babel Info: Redefining russian shorthand "~
(babel)             in language  on input line 814.
Package babel Info: Redefining russian shorthand "|
(babel)             in language  on input line 814.
Package babel Info: Redefining russian shorthand "~
(babel)             in language  on input line 814.
[26]
Package babel Info: Redefining russian shorthand "|
(babel)             in language  on input line 851.
Package babel Info: Redefining russian shorthand "~
(babel)             in language  on input line 851.


Package hyperref Warning: Token not allowed in a PDF string (Unicode):
(hyperref)                removing `math shift' on input line 851.


Package hyperref Warning: Token not allowed in a PDF string (Unicode):
(hyperref)                removing `superscript' on input line 851.


Package hyperref Warning: Token not allowed in a PDF string (Unicode):
(hyperref)                removing `math shift' on input line 851.


Package hyperref Warning: Token not allowed in a PDF string (Unicode):
(hyperref)                removing `math shift' on input line 851.


Package hyperref Warning: Token not allowed in a PDF string (Unicode):
(hyperref)                removing `\chi' on input line 851.


Package hyperref Warning: Token not allowed in a PDF string (Unicode):
(hyperref)                removing `superscript' on input line 851.


Package hyperref Warning: Token not allowed in a PDF string (Unicode):
(hyperref)                removing `math shift' on input line 851.

Package babel Info: Redefining russian shorthand "|
(babel)             in language  on input line 855.
Package babel Info: Redefining russian shorthand "~
(babel)             in language  on input line 855.
Package babel Info: Redefining russian shorthand "|
(babel)             in language  on input line 855.
Package babel Info: Redefining russian shorthand "~
(babel)             in language  on input line 855.
[27]
Package babel Info: Redefining russian shorthand "|
(babel)             in language  on input line 906.
Package babel Info: Redefining russian shorthand "~
(babel)             in language  on input line 906.
Package babel Info: Redefining russian shorthand "|
(babel)             in language  on input line 906.
Package babel Info: Redefining russian shorthand "~
(babel)             in language  on input line 906.
 [28]
Package babel Info: Redefining russian shorthand "|
(babel)             in language  on input line 940.
Package babel Info: Redefining russian shorthand "~
(babel)             in language  on input line 940.
Package babel Info: Redefining russian shorthand "|
(babel)             in language  on input line 940.
Package babel Info: Redefining russian shorthand "~
(babel)             in language  on input line 940.
 [29]
Package babel Info: Redefining russian shorthand "|
(babel)             in language  on input line 952.
Package babel Info: Redefining russian shorthand "~
(babel)             in language  on input line 952.
Package babel Info: Redefining russian shorthand "|
(babel)             in language  on input line 971.
Package babel Info: Redefining russian shorthand "~
(babel)             in language  on input line 971.
Package babel Info: Redefining russian shorthand "|
(babel)             in language  on input line 971.
Package babel Info: Redefining russian shorthand "~
(babel)             in language  on input line 971.
 [30]
Package babel Info: Redefining russian shorthand "|
(babel)             in language  on input line 972.
Package babel Info: Redefining russian shorthand "~
(babel)             in language  on input line 972.
Package babel Info: Redefining russian shorthand "|
(babel)             in language  on input line 974.
Package babel Info: Redefining russian shorthand "~
(babel)             in language  on input line 974.
Package babel Info: Redefining russian shorthand "|
(babel)             in language  on input line 1008.
Package babel Info: Redefining russian shorthand "~
(babel)             in language  on input line 1008.
Package babel Info: Redefining russian shorthand "|
(babel)             in language  on input line 1011.
Package babel Info: Redefining russian shorthand "~
(babel)             in language  on input line 1011.
Package babel Info: Redefining russian shorthand "|
(babel)             in language  on input line 1011.
Package babel Info: Redefining russian shorthand "~
(babel)             in language  on input line 1011.
 [31]
Package babel Info: Redefining russian shorthand "|
(babel)             in language  on input line 1034.
Package babel Info: Redefining russian shorthand "~
(babel)             in language  on input line 1034.
Package babel Info: Redefining russian shorthand "|
(babel)             in language  on input line 1058.
Package babel Info: Redefining russian shorthand "~
(babel)             in language  on input line 1058.
Package babel Info: Redefining russian shorthand "|
(babel)             in language  on input line 1058.
Package babel Info: Redefining russian shorthand "~
(babel)             in language  on input line 1058.
 [32]
Package babel Info: Redefining russian shorthand "|
(babel)             in language  on input line 1071.
Package babel Info: Redefining russian shorthand "~
(babel)             in language  on input line 1071.


Package hyperref Warning: Token not allowed in a PDF string (Unicode):
(hyperref)                removing `math shift' on input line 1071.


Package hyperref Warning: Token not allowed in a PDF string (Unicode):
(hyperref)                removing `math shift' on input line 1071.

Package babel Info: Redefining russian shorthand "|
(babel)             in language  on input line 1084.
Package babel Info: Redefining russian shorthand "~
(babel)             in language  on input line 1084.
Package babel Info: Redefining russian shorthand "|
(babel)             in language  on input line 1084.
Package babel Info: Redefining russian shorthand "~
(babel)             in language  on input line 1084.
[33]
Package babel Info: Redefining russian shorthand "|
(babel)             in language  on input line 1097.
Package babel Info: Redefining russian shorthand "~
(babel)             in language  on input line 1097.


Package hyperref Warning: Token not allowed in a PDF string (Unicode):
(hyperref)                removing `math shift' on input line 1097.


Package hyperref Warning: Token not allowed in a PDF string (Unicode):
(hyperref)                removing `math shift' on input line 1097.

Package babel Info: Redefining russian shorthand "|
(babel)             in language  on input line 1113.
Package babel Info: Redefining russian shorthand "~
(babel)             in language  on input line 1113.
Package babel Info: Redefining russian shorthand "|
(babel)             in language  on input line 1113.
Package babel Info: Redefining russian shorthand "~
(babel)             in language  on input line 1113.
[34]
Package babel Info: Redefining russian shorthand "|
(babel)             in language  on input line 1114.
Package babel Info: Redefining russian shorthand "~
(babel)             in language  on input line 1114.


Package hyperref Warning: Token not allowed in a PDF string (Unicode):
(hyperref)                removing `math shift' on input line 1114.


Package hyperref Warning: Token not allowed in a PDF string (Unicode):
(hyperref)                removing `math shift' on input line 1114.

LaTeX Font Info:    Font shape `OMS/cmr/m/it' in size <12> not available
(Font)              Font shape `OMS/cmsy/m/n' tried instead on input line 1120.


Overfull \hbox (0.38116pt too wide) in paragraph at lines 1129--1130
\T2A/cmr/m/n/12 рит-му 1[][] не мо-жет уже по-ме-нять свой цвет --- $\OT1/cmr/m
/n/12 (\OML/cmm/m/it/12  \OT1/cmr/m/n/12 + 2[])([] \OML/cmm/m/it/12 r\OT1/cmr/
m/n/12 )$\T2A/cmr/m/n/12 . Чис-ла $\OT1/cmr/m/n/12 (\OML/cmm/m/it/12  \OT1/cmr
/m/n/12 + 2[])([] \OML/cmm/m/it/12 r\OT1/cmr/m/n/12 )$
 []

Package babel Info: Redefining russian shorthand "|
(babel)             in language  on input line 1149.
Package babel Info: Redefining russian shorthand "~
(babel)             in language  on input line 1149.
Package babel Info: Redefining russian shorthand "|
(babel)             in language  on input line 1149.
Package babel Info: Redefining russian shorthand "~
(babel)             in language  on input line 1149.
[35]
Package babel Info: Redefining russian shorthand "|
(babel)             in language  on input line 1168.
Package babel Info: Redefining russian shorthand "~
(babel)             in language  on input line 1168.


Package hyperref Warning: Token not allowed in a PDF string (Unicode):
(hyperref)                removing `\@ifnextchar' on input line 1168.

Package babel Info: Redefining russian shorthand "|
(babel)             in language  on input line 1181.
Package babel Info: Redefining russian shorthand "~
(babel)             in language  on input line 1181.
Package babel Info: Redefining russian shorthand "|
(babel)             in language  on input line 1181.
Package babel Info: Redefining russian shorthand "~
(babel)             in language  on input line 1181.
[36]
Package babel Info: Redefining russian shorthand "|
(babel)             in language  on input line 1219.
Package babel Info: Redefining russian shorthand "~
(babel)             in language  on input line 1219.
Package babel Info: Redefining russian shorthand "|
(babel)             in language  on input line 1219.
Package babel Info: Redefining russian shorthand "~
(babel)             in language  on input line 1219.
 [37]
Package babel Info: Redefining russian shorthand "|
(babel)             in language  on input line 1243.
Package babel Info: Redefining russian shorthand "~
(babel)             in language  on input line 1243.
Package babel Info: Redefining russian shorthand "|
(babel)             in language  on input line 1246.
Package babel Info: Redefining russian shorthand "~
(babel)             in language  on input line 1246.
Package babel Info: Redefining russian shorthand "|
(babel)             in language  on input line 1246.
Package babel Info: Redefining russian shorthand "~
(babel)             in language  on input line 1246.
 [38]
LaTeX Font Info:    Try loading font information for T2A+cmss on input line 127
4.
 ("C:\Program Files\MiKTeX 2.9\tex\latex\cyrillic\t2acmss.fd"
File: t2acmss.fd 2001/08/11 v1.0a Computer Modern Cyrillic font definitions
)
Overfull \hbox (6.96684pt too wide) in paragraph at lines 1276--1277
[]\T2A/cmr/m/n/12 Для со-кра-ще-ния за-пи-си обо-зна-чим че-рез $\OML/cmm/m/it/
12 k$ \T2A/cmr/m/n/12 сле-ду-ю-щее вы-ра-же-ние : $[][]$.
 []

Package babel Info: Redefining russian shorthand "|
(babel)             in language  on input line 1286.
Package babel Info: Redefining russian shorthand "~
(babel)             in language  on input line 1286.
Package babel Info: Redefining russian shorthand "|
(babel)             in language  on input line 1286.
Package babel Info: Redefining russian shorthand "~
(babel)             in language  on input line 1286.
[39]
Package babel Info: Redefining russian shorthand "|
(babel)             in language  on input line 1304.
Package babel Info: Redefining russian shorthand "~
(babel)             in language  on input line 1304.


Package hyperref Warning: Token not allowed in a PDF string (Unicode):
(hyperref)                removing `\@ifnextchar' on input line 1304.

Package babel Info: Redefining russian shorthand "|
(babel)             in language  on input line 1334.
Package babel Info: Redefining russian shorthand "~
(babel)             in language  on input line 1334.
Package babel Info: Redefining russian shorthand "|
(babel)             in language  on input line 1334.
Package babel Info: Redefining russian shorthand "~
(babel)             in language  on input line 1334.
[40]
Overfull \hbox (42.09106pt too wide) in paragraph at lines 1336--1338
\T2A/cmr/m/n/12 со-бы-тие, за-клю-ча-ю-ще-е-ся в том, что вер-ши-ны $\OML/cmm/m
/it/12 w$ \T2A/cmr/m/n/12 кор-ня $\OML/cmm/m/it/12 A$\T2A/cmr/m/n/12 , по-кра-ш
е-ны так, что $\OML/cmm/m/it/12 T\OT1/cmr/m/n/12 (\OML/cmm/m/it/12 A; T\OT1/cmr
/m/n/12 (\OML/cmm/m/it/12 B[]\OT1/cmr/m/n/12 )\OML/cmm/m/it/12 ; :::; T\OT1/cmr
/m/n/12 (\OML/cmm/m/it/12 B[]\OT1/cmr/m/n/12 ))$
 []

Package babel Info: Redefining russian shorthand "|
(babel)             in language  on input line 1377.
Package babel Info: Redefining russian shorthand "~
(babel)             in language  on input line 1377.
Package babel Info: Redefining russian shorthand "|
(babel)             in language  on input line 1377.
Package babel Info: Redefining russian shorthand "~
(babel)             in language  on input line 1377.
[41]

Package amsmath Warning: Foreign command \over;
(amsmath)                \frac or \genfrac should be used instead
(amsmath)                 on input line 1403.

Package babel Info: Redefining russian shorthand "|
(babel)             in language  on input line 1415.
Package babel Info: Redefining russian shorthand "~
(babel)             in language  on input line 1415.
Package babel Info: Redefining russian shorthand "|
(babel)             in language  on input line 1415.
Package babel Info: Redefining russian shorthand "~
(babel)             in language  on input line 1415.
[42]
Package babel Info: Redefining russian shorthand "|
(babel)             in language  on input line 1418.
Package babel Info: Redefining russian shorthand "~
(babel)             in language  on input line 1418.


Package hyperref Warning: Token not allowed in a PDF string (Unicode):
(hyperref)                removing `\@ifnextchar' on input line 1418.

Package babel Info: Redefining russian shorthand "|
(babel)             in language  on input line 1444.
Package babel Info: Redefining russian shorthand "~
(babel)             in language  on input line 1444.
Package babel Info: Redefining russian shorthand "|
(babel)             in language  on input line 1444.
Package babel Info: Redefining russian shorthand "~
(babel)             in language  on input line 1444.
[43]
Package babel Info: Redefining russian shorthand "|
(babel)             in language  on input line 1447.
Package babel Info: Redefining russian shorthand "~
(babel)             in language  on input line 1447.

Underfull \hbox (badness 1303) in paragraph at lines 1449--1450
\T2A/cmr/m/n/10.95 questions'', \T2A/cmr/m/it/10.95 Infinite and Finite Sets\T2
A/cmr/m/n/10.95 , Colloquia Mathematica Societatis Janos Bolyai, \T2A/cmr/bx/n/
10.95 10\T2A/cmr/m/n/10.95 ,
 []

Package atveryend Info: Empty hook `BeforeClearDocument' on input line 1539.
Package babel Info: Redefining russian shorthand "|
(babel)             in language  on input line 1539.
Package babel Info: Redefining russian shorthand "~
(babel)             in language  on input line 1539.
Package babel Info: Redefining russian shorthand "|
(babel)             in language  on input line 1539.
Package babel Info: Redefining russian shorthand "~
(babel)             in language  on input line 1539.
[44]
Package atveryend Info: Empty hook `AfterLastShipout' on input line 1539.
 (work67.aux)
Package atveryend Info: Executing hook `AtVeryEndDocument' on input line 1539.
Package atveryend Info: Executing hook `AtEndAfterFileList' on input line 1539.



Package rerunfilecheck Warning: File `work67.out' has changed.
(rerunfilecheck)                Rerun to get outlines right
(rerunfilecheck)                or use package `bookmark'.

Package rerunfilecheck Info: Checksums for `work67.out':
(rerunfilecheck)             Before: 8BD9A7495A3EB652B66DCC2CBF582B4B;13407
(rerunfilecheck)             After:  C56AC91C3E2017B0EF20151B588CFFDA;13382.

LaTeX Font Warning: Some font shapes were not available, defaults substituted.


LaTeX Warning: There were undefined references.


LaTeX Warning: There were multiply-defined labels.

Package atveryend Info: Empty hook `AtVeryVeryEnd' on input line 1539.
 ) 
Here is how much of TeX's memory you used:
 12127 strings out of 493328
 166858 string characters out of 3139127
 257886 words of memory out of 3000000
 15284 multiletter control sequences out of 15000+200000
 34502 words of font info for 84 fonts, out of 3000000 for 9000
 1141 hyphenation exceptions out of 8191
 35i,17n,35p,1538b,518s stack positions out of 5000i,500n,10000p,200000b,50000s
 <C:\Users\John\AppData\Local\MiKTeX\2.9\fonts\pk\ljfour\lh\lh-t2a\dpi600\lab
x1095.pk> <C:\Users\John\AppData\Local\MiKTeX\2.9\fonts\pk\ljfour\lh\lh-t2a\dpi
600\lati1095.pk> <C:\Users\John\AppData\Local\MiKTeX\2.9\fonts\pk\ljfour\lh\lh-
t2a\dpi600\larm1095.pk> <C:\Users\John\AppData\Local\MiKTeX\2.9\fonts\pk\ljfour
\lh\lh-t2a\dpi600\lass1200.pk> <C:\Users\John\AppData\Local\MiKTeX\2.9\fonts\pk
\ljfour\lh\lh-t2a\dpi600\labx1728.pk> <C:\Users\John\AppData\Local\MiKTeX\2.9\f
onts\pk\ljfour\lh\lh-t2a\dpi600\lati1200.pk> <C:\Users\John\AppData\Local\MiKTe
X\2.9\fonts\pk\ljfour\lh\lh-t2a\dpi600\labx1200.pk> <C:\Users\John\AppData\Loca
l\MiKTeX\2.9\fonts\pk\ljfour\lh\lh-t2a\dpi600\labx2074.pk> <C:\Users\John\AppDa
ta\Local\MiKTeX\2.9\fonts\pk\ljfour\lh\lh-t2a\dpi600\larm0800.pk> <C:\Users\Joh
n\AppData\Local\MiKTeX\2.9\fonts\pk\ljfour\lh\lh-t2a\dpi600\labx1440.pk> <C:\Us
ers\John\AppData\Local\MiKTeX\2.9\fonts\pk\ljfour\lh\lh-t2a\dpi600\larm1200.pk>
<C:/Program Files/MiKTeX 2.9/fonts/type1/public/amsfonts/cm/cmbx10.pfb><C:/Prog
ram Files/MiKTeX 2.9/fonts/type1/public/amsfonts/cm/cmex10.pfb><C:/Program File
s/MiKTeX 2.9/fonts/type1/public/amsfonts/cm/cmmi12.pfb><C:/Program Files/MiKTeX
 2.9/fonts/type1/public/amsfonts/cm/cmmi6.pfb><C:/Program Files/MiKTeX 2.9/font
s/type1/public/amsfonts/cm/cmmi8.pfb><C:/Program Files/MiKTeX 2.9/fonts/type1/p
ublic/amsfonts/cm/cmr10.pfb><C:/Program Files/MiKTeX 2.9/fonts/type1/public/ams
fonts/cm/cmr12.pfb><C:/Program Files/MiKTeX 2.9/fonts/type1/public/amsfonts/cm/
cmr6.pfb><C:/Program Files/MiKTeX 2.9/fonts/type1/public/amsfonts/cm/cmr8.pfb><
C:/Program Files/MiKTeX 2.9/fonts/type1/public/amsfonts/cm/cmss12.pfb><C:/Progr
am Files/MiKTeX 2.9/fonts/type1/public/amsfonts/cm/cmsy10.pfb><C:/Program Files
/MiKTeX 2.9/fonts/type1/public/amsfonts/cm/cmsy6.pfb><C:/Program Files/MiKTeX 2
.9/fonts/type1/public/amsfonts/cm/cmsy8.pfb><C:/Program Files/MiKTeX 2.9/fonts/
type1/public/amsfonts/cm/cmti10.pfb><C:/Program Files/MiKTeX 2.9/fonts/type1/pu
blic/amsfonts/symbols/msam10.pfb>
Output written on work67.pdf (44 pages, 650228 bytes).
PDF statistics:
 1369 PDF objects out of 1440 (max. 8388607)
 211 named destinations out of 1000 (max. 500000)
 289 words of extra memory for PDF output out of 10000 (max. 10000000)

